<?xml version="1.0" encoding="UTF-8"?>
<testsuite name="test.java.PlayerTest" tests="4" skipped="0" failures="0" errors="0" timestamp="2016-12-11T20:45:43" hostname="mateo" time="0.003">
  <properties/>
  <testcase name="testGetColor" classname="test.java.PlayerTest" time="0.0"/>
  <testcase name="isGoDown" classname="test.java.PlayerTest" time="0.0"/>
  <testcase name="testGetName" classname="test.java.PlayerTest" time="0.0"/>
  <testcase name="testSetName" classname="test.java.PlayerTest" time="0.001"/>
  <system-out><![CDATA[]]></system-out>
  <system-err><![CDATA[]]></system-err>
</testsuite>
