<?xml version="1.0" encoding="UTF-8"?>
<testsuite name="test.java.movesInCircleBoard.KingMovesTest" tests="8" skipped="0" failures="0" errors="0" timestamp="2016-12-12T00:06:10" hostname="mateo" time="0.004">
  <properties/>
  <testcase name="testGetMovese_2" classname="test.java.movesInCircleBoard.KingMovesTest" time="0.001"/>
  <testcase name="testGetMoves_1" classname="test.java.movesInCircleBoard.KingMovesTest" time="0.0"/>
  <testcase name="testGetMoves_3" classname="test.java.movesInCircleBoard.KingMovesTest" time="0.0"/>
  <testcase name="testGetMoves_4" classname="test.java.movesInCircleBoard.KingMovesTest" time="0.001"/>
  <testcase name="testGetMoves_5" classname="test.java.movesInCircleBoard.KingMovesTest" time="0.0"/>
  <testcase name="testGetMoves_6" classname="test.java.movesInCircleBoard.KingMovesTest" time="0.0"/>
  <testcase name="testGetMoves_7" classname="test.java.movesInCircleBoard.KingMovesTest" time="0.0"/>
  <testcase name="testGetMoves_8" classname="test.java.movesInCircleBoard.KingMovesTest" time="0.0"/>
  <system-out><![CDATA[]]></system-out>
  <system-err><![CDATA[]]></system-err>
</testsuite>
