<?xml version="1.0" encoding="UTF-8"?>
<testsuite name="test.java.SettingsTest" tests="1" skipped="0" failures="0" errors="0" timestamp="2017-01-28T01:15:41" hostname="mateo" time="0.028">
  <properties/>
  <testcase name="test" classname="test.java.SettingsTest" time="0.028"/>
  <system-out><![CDATA[]]></system-out>
  <system-err><![CDATA[]]></system-err>
</testsuite>
