<?xml version="1.0" encoding="UTF-8"?>
<testsuite name="test.java.PawnMovesTest" tests="2" skipped="0" failures="0" errors="0" timestamp="2016-12-11T20:45:43" hostname="mateo" time="0.006">
  <properties/>
  <testcase name="testGetMoves_1" classname="test.java.PawnMovesTest" time="0.003"/>
  <testcase name="testGetMoves_2" classname="test.java.PawnMovesTest" time="0.003"/>
  <system-out><![CDATA[]]></system-out>
  <system-err><![CDATA[]]></system-err>
</testsuite>
