<?xml version="1.0" encoding="UTF-8"?>
<testsuite name="test.java.PlayerTest" tests="4" skipped="0" failures="0" errors="0" timestamp="2017-01-28T01:15:41" hostname="mateo" time="0.019">
  <properties/>
  <testcase name="testGetColor" classname="test.java.PlayerTest" time="0.002"/>
  <testcase name="isGoDown" classname="test.java.PlayerTest" time="0.001"/>
  <testcase name="testGetName" classname="test.java.PlayerTest" time="0.002"/>
  <testcase name="testSetName" classname="test.java.PlayerTest" time="0.003"/>
  <system-out><![CDATA[]]></system-out>
  <system-err><![CDATA[]]></system-err>
</testsuite>
