<?xml version="1.0" encoding="UTF-8"?>
<testsuite name="test.java.SquareTest" tests="2" skipped="0" failures="0" errors="0" timestamp="2017-01-26T00:01:54" hostname="mateo" time="0.027">
  <properties/>
  <testcase name="testgetPozX" classname="test.java.SquareTest" time="0.025"/>
  <testcase name="testgetPozY" classname="test.java.SquareTest" time="0.001"/>
  <system-out><![CDATA[]]></system-out>
  <system-err><![CDATA[]]></system-err>
</testsuite>
