<?xml version="1.0" encoding="UTF-8"?>
<testsuite name="test.java.SquareTest" tests="2" skipped="0" failures="0" errors="0" timestamp="2017-01-28T01:15:41" hostname="mateo" time="0.035">
  <properties/>
  <testcase name="testgetPozX" classname="test.java.SquareTest" time="0.035"/>
  <testcase name="testgetPozY" classname="test.java.SquareTest" time="0.0"/>
  <system-out><![CDATA[]]></system-out>
  <system-err><![CDATA[]]></system-err>
</testsuite>
