<?xml version="1.0" encoding="UTF-8"?>
<testsuite name="test.java.LibraryTest" tests="1" skipped="0" failures="0" errors="0" timestamp="2016-12-11T07:18:44" hostname="mateo" time="0.008">
  <properties/>
  <testcase name="testSomeLibraryMethod" classname="test.java.LibraryTest" time="0.008"/>
  <system-out><![CDATA[]]></system-out>
  <system-err><![CDATA[]]></system-err>
</testsuite>
