<?xml version="1.0" encoding="UTF-8"?>
<testsuite name="test.java.movesInCircleBoard.PawnMovesTest" tests="2" skipped="0" failures="0" errors="0" timestamp="2016-12-12T00:06:10" hostname="mateo" time="0.002">
  <properties/>
  <testcase name="testGetMoves_1" classname="test.java.movesInCircleBoard.PawnMovesTest" time="0.002"/>
  <testcase name="testGetMoves_2" classname="test.java.movesInCircleBoard.PawnMovesTest" time="0.0"/>
  <system-out><![CDATA[]]></system-out>
  <system-err><![CDATA[]]></system-err>
</testsuite>
