<?xml version="1.0" encoding="UTF-8"?>
<testsuite name="test.java.LibraryTest" tests="1" skipped="0" failures="0" errors="0" timestamp="2016-12-10T03:52:19" hostname="mateo" time="0.013">
  <properties/>
  <testcase name="testSomeLibraryMethod" classname="test.java.LibraryTest" time="0.013"/>
  <system-out><![CDATA[]]></system-out>
  <system-err><![CDATA[]]></system-err>
</testsuite>
