<?xml version="1.0" encoding="UTF-8"?>
<testsuite name="test.java.PlayerTest" tests="4" skipped="0" failures="0" errors="0" timestamp="2016-12-10T04:50:05" hostname="mateo" time="0.016">
  <properties/>
  <testcase name="testGetColor" classname="test.java.PlayerTest" time="0.005"/>
  <testcase name="isGoDown" classname="test.java.PlayerTest" time="0.0"/>
  <testcase name="testGetName" classname="test.java.PlayerTest" time="0.001"/>
  <testcase name="testSetName" classname="test.java.PlayerTest" time="0.0"/>
  <system-out><![CDATA[]]></system-out>
  <system-err><![CDATA[]]></system-err>
</testsuite>
