<?xml version="1.0" encoding="UTF-8"?>
<testsuite name="test.java.game.PlayerTest" tests="4" skipped="0" failures="0" errors="0" timestamp="2017-01-28T22:13:19" hostname="AZD-PC" time="0.006">
  <properties/>
  <testcase name="testGetColor" classname="test.java.game.PlayerTest" time="0.0"/>
  <testcase name="isGoDown" classname="test.java.game.PlayerTest" time="0.0"/>
  <testcase name="testGetName" classname="test.java.game.PlayerTest" time="0.0"/>
  <testcase name="testSetName" classname="test.java.game.PlayerTest" time="0.0"/>
  <system-out><![CDATA[]]></system-out>
  <system-err><![CDATA[]]></system-err>
</testsuite>
