<?xml version="1.0" encoding="UTF-8"?>
<testsuite name="test.java.SquareTest" tests="2" skipped="0" failures="0" errors="0" timestamp="2016-12-11T20:45:43" hostname="mateo" time="0.039">
  <properties/>
  <testcase name="testgetPozX" classname="test.java.SquareTest" time="0.037"/>
  <testcase name="testgetPozY" classname="test.java.SquareTest" time="0.002"/>
  <system-out><![CDATA[]]></system-out>
  <system-err><![CDATA[]]></system-err>
</testsuite>
