<?xml version="1.0" encoding="UTF-8"?>
<testsuite name="test.java.game.SettingsTest" tests="1" skipped="0" failures="0" errors="0" timestamp="2017-01-28T22:13:19" hostname="AZD-PC" time="0.003">
  <properties/>
  <testcase name="test" classname="test.java.game.SettingsTest" time="0.003"/>
  <system-out><![CDATA[]]></system-out>
  <system-err><![CDATA[]]></system-err>
</testsuite>
