<?xml version="1.0" encoding="UTF-8"?>
<testsuite name="test.java.movesInCircleBoard.BishopMovesTest" tests="4" skipped="0" failures="0" errors="0" timestamp="2016-12-12T00:06:10" hostname="mateo" time="0.002">
  <properties/>
  <testcase name="testGetMoves_forwardRightMoves" classname="test.java.movesInCircleBoard.BishopMovesTest" time="0.0"/>
  <testcase name="testGetMoves_backwardRightMoves" classname="test.java.movesInCircleBoard.BishopMovesTest" time="0.0"/>
  <testcase name="testGetMoves_backwardleftMoves" classname="test.java.movesInCircleBoard.BishopMovesTest" time="0.0"/>
  <testcase name="testGetMoves_forwardleftMoves" classname="test.java.movesInCircleBoard.BishopMovesTest" time="0.0"/>
  <system-out><![CDATA[]]></system-out>
  <system-err><![CDATA[]]></system-err>
</testsuite>
