<?xml version="1.0" encoding="UTF-8"?>
<testsuite name="test.java.LibraryTest" tests="1" skipped="0" failures="0" errors="0" timestamp="2016-12-09T03:21:24" hostname="AZD-PC" time="0.005">
  <properties/>
  <testcase name="testSomeLibraryMethod" classname="test.java.LibraryTest" time="0.005"/>
  <system-out><![CDATA[]]></system-out>
  <system-err><![CDATA[]]></system-err>
</testsuite>
