<?xml version="1.0" encoding="UTF-8"?>
<testsuite name="test.java.boards.SquareTest" tests="2" skipped="0" failures="0" errors="0" timestamp="2017-01-28T22:13:19" hostname="AZD-PC" time="0.025">
  <properties/>
  <testcase name="testgetPozX" classname="test.java.boards.SquareTest" time="0.021"/>
  <testcase name="testgetPozY" classname="test.java.boards.SquareTest" time="0.002"/>
  <system-out><![CDATA[]]></system-out>
  <system-err><![CDATA[]]></system-err>
</testsuite>
